[2026-02-09T02:29:41.902Z] [INFO] ✅ Comando carregado: blame
[2026-02-09T02:29:41.908Z] [INFO] ✅ Comando carregado: gping
[2026-02-09T02:29:41.909Z] [INFO] ✅ Comando carregado: invite
[2026-02-09T02:29:41.912Z] [INFO] ✅ Comando carregado: panel
[2026-02-09T02:29:41.916Z] [INFO] ✅ Comando carregado: raid
[2026-02-09T02:29:41.918Z] [INFO] ✅ Comando carregado: say
[2026-02-09T02:29:41.920Z] [INFO] ✅ Comando carregado: spam
[2026-02-09T02:29:41.921Z] [INFO] ✅ Comando carregado: test
[2026-02-09T02:29:41.922Z] [INFO] 📡 Evento carregado: messageCreate
[2026-02-09T02:29:41.926Z] [INFO] 📡 Evento carregado: channelDelete
[2026-02-09T02:29:41.928Z] [INFO] 📡 Evento carregado: guildMemberAdd
[2026-02-09T02:29:41.929Z] [INFO] 📡 Evento carregado: guildMemberAdd
[2026-02-09T02:29:41.931Z] [INFO] 📡 Evento carregado: interactionCreate
[2026-02-09T02:29:41.934Z] [INFO] 📡 Evento carregado: messageCreate
[2026-02-09T02:29:41.935Z] [INFO] 📡 Evento carregado: clientReady
[2026-02-09T02:31:37.677Z] [INFO] ✅ Comando carregado: blame
[2026-02-09T02:31:37.680Z] [INFO] ✅ Comando carregado: gping
[2026-02-09T02:31:37.681Z] [INFO] ✅ Comando carregado: invite
[2026-02-09T02:31:37.682Z] [INFO] ✅ Comando carregado: panel
[2026-02-09T02:31:37.683Z] [INFO] ✅ Comando carregado: raid
[2026-02-09T02:31:37.684Z] [INFO] ✅ Comando carregado: say
[2026-02-09T02:31:37.685Z] [INFO] ✅ Comando carregado: spam
[2026-02-09T02:31:37.686Z] [INFO] ✅ Comando carregado: test
[2026-02-09T02:31:37.687Z] [INFO] 📡 Evento carregado: messageCreate
[2026-02-09T02:31:37.688Z] [INFO] 📡 Evento carregado: channelDelete
[2026-02-09T02:31:37.689Z] [INFO] 📡 Evento carregado: guildMemberAdd
[2026-02-09T02:31:37.690Z] [INFO] 📡 Evento carregado: guildMemberAdd
[2026-02-09T02:31:37.690Z] [INFO] 📡 Evento carregado: interactionCreate
[2026-02-09T02:31:37.692Z] [INFO] 📡 Evento carregado: messageCreate
[2026-02-09T02:31:37.692Z] [INFO] 📡 Evento carregado: clientReady
[2026-02-09T02:33:37.195Z] [INFO] ✅ Comando carregado: blame
[2026-02-09T02:33:37.198Z] [INFO] ✅ Comando carregado: gping
[2026-02-09T02:33:37.199Z] [INFO] ✅ Comando carregado: invite
[2026-02-09T02:33:37.200Z] [INFO] ✅ Comando carregado: panel
[2026-02-09T02:33:37.202Z] [INFO] ✅ Comando carregado: raid
[2026-02-09T02:33:37.204Z] [INFO] ✅ Comando carregado: say
[2026-02-09T02:33:37.206Z] [INFO] ✅ Comando carregado: spam
[2026-02-09T02:33:37.208Z] [INFO] ✅ Comando carregado: test
[2026-02-09T02:33:37.209Z] [INFO] 📡 Evento carregado: messageCreate
[2026-02-09T02:33:37.211Z] [INFO] 📡 Evento carregado: channelDelete
[2026-02-09T02:33:37.213Z] [INFO] 📡 Evento carregado: guildMemberAdd
[2026-02-09T02:33:37.214Z] [INFO] 📡 Evento carregado: guildMemberAdd
[2026-02-09T02:33:37.215Z] [INFO] 📡 Evento carregado: interactionCreate
[2026-02-09T02:33:37.216Z] [INFO] 📡 Evento carregado: messageCreate
[2026-02-09T02:33:37.217Z] [INFO] 📡 Evento carregado: clientReady
[2026-02-09T02:33:37.217Z] [INFO] 🔄 Iniciando registro de comandos slash...
[2026-02-09T02:33:37.516Z] [SUCCESS] ✅ Comandos slash registrados com sucesso!
[2026-02-09T02:33:37.919Z] [SUCCESS] ✅ Bot online como Orion#8305!
[2026-02-09T02:33:37.919Z] [INFO] 📊 Conectado em 3 servidor(es)
[2026-02-09T02:33:37.919Z] [SUCCESS] 🎮 Status configurado com sucesso
[2026-02-09T02:33:37.920Z] [SUCCESS] 🚀 Bot pronto para uso!
[2026-02-09T03:09:02.117Z] [INFO] ✅ Comando carregado: blame
[2026-02-09T03:09:02.125Z] [INFO] ✅ Comando carregado: gping
[2026-02-09T03:09:02.126Z] [INFO] ✅ Comando carregado: invite
[2026-02-09T03:09:02.128Z] [INFO] ✅ Comando carregado: panel
[2026-02-09T03:09:02.132Z] [INFO] ✅ Comando carregado: raid
[2026-02-09T03:09:02.136Z] [INFO] ✅ Comando carregado: say
[2026-02-09T03:09:02.138Z] [INFO] ✅ Comando carregado: spam
[2026-02-09T03:09:02.139Z] [INFO] ✅ Comando carregado: test
[2026-02-09T03:09:02.140Z] [INFO] 📡 Evento carregado: messageCreate
[2026-02-09T03:09:02.143Z] [INFO] 📡 Evento carregado: channelDelete
[2026-02-09T03:09:02.145Z] [INFO] 📡 Evento carregado: guildMemberAdd
[2026-02-09T03:09:02.146Z] [INFO] 📡 Evento carregado: guildMemberAdd
[2026-02-09T03:09:02.149Z] [INFO] 📡 Evento carregado: interactionCreate
[2026-02-09T03:09:02.151Z] [INFO] 📡 Evento carregado: messageCreate
[2026-02-09T03:09:02.151Z] [INFO] 📡 Evento carregado: clientReady
[2026-02-09T03:09:02.152Z] [INFO] 🔄 Iniciando registro de comandos slash...
[2026-02-09T03:09:02.500Z] [SUCCESS] ✅ Comandos slash registrados com sucesso!
[2026-02-09T03:09:02.975Z] [SUCCESS] ✅ Bot online como Orion#8305!
[2026-02-09T03:09:02.975Z] [INFO] 📊 Conectado em 2 servidor(es)
[2026-02-09T03:09:02.976Z] [SUCCESS] 🎮 Status configurado com sucesso
[2026-02-09T03:09:02.976Z] [SUCCESS] 🚀 Bot pronto para uso!
[2026-02-09T13:16:35.508Z] [INFO] ✅ Comando carregado: blame
[2026-02-09T13:16:35.512Z] [INFO] ✅ Comando carregado: gping
[2026-02-09T13:16:35.513Z] [INFO] ✅ Comando carregado: invite
[2026-02-09T13:16:35.515Z] [INFO] ✅ Comando carregado: panel
[2026-02-09T13:16:35.517Z] [INFO] ✅ Comando carregado: raid
[2026-02-09T13:16:35.518Z] [INFO] ✅ Comando carregado: say
[2026-02-09T13:16:35.519Z] [INFO] ✅ Comando carregado: spam
[2026-02-09T13:16:35.520Z] [INFO] ✅ Comando carregado: test
[2026-02-09T13:16:35.521Z] [INFO] 📡 Evento carregado: messageCreate
[2026-02-09T13:16:35.524Z] [INFO] 📡 Evento carregado: channelDelete
[2026-02-09T13:16:35.525Z] [INFO] 📡 Evento carregado: guildMemberAdd
[2026-02-09T13:16:35.526Z] [INFO] 📡 Evento carregado: guildMemberAdd
[2026-02-09T13:16:35.528Z] [INFO] 📡 Evento carregado: interactionCreate
[2026-02-09T13:16:35.530Z] [INFO] 📡 Evento carregado: messageCreate
[2026-02-09T13:16:35.530Z] [INFO] 📡 Evento carregado: clientReady
[2026-02-09T13:22:42.031Z] [INFO] ✅ Command loaded: blame
[2026-02-09T13:22:42.034Z] [INFO] ✅ Command loaded: gping
[2026-02-09T13:22:42.034Z] [INFO] ✅ Command loaded: invite
[2026-02-09T13:22:42.035Z] [INFO] ✅ Command loaded: panel
[2026-02-09T13:22:42.036Z] [INFO] ✅ Command loaded: raid
[2026-02-09T13:22:42.037Z] [INFO] ✅ Command loaded: say
[2026-02-09T13:22:42.038Z] [INFO] ✅ Command loaded: spam
[2026-02-09T13:22:42.039Z] [INFO] ✅ Command loaded: test
[2026-02-09T13:22:42.040Z] [INFO] 📡 Event loaded: messageCreate
[2026-02-09T13:22:42.041Z] [INFO] 📡 Event loaded: channelDelete
[2026-02-09T13:22:42.041Z] [INFO] 📡 Event loaded: guildMemberAdd
[2026-02-09T13:22:42.042Z] [INFO] 📡 Event loaded: guildMemberAdd
[2026-02-09T13:23:57.106Z] [INFO] ✅ Command loaded: blame
[2026-02-09T13:23:57.109Z] [INFO] ✅ Command loaded: gping
[2026-02-09T13:23:57.110Z] [INFO] ✅ Command loaded: invite
[2026-02-09T13:23:57.111Z] [INFO] ✅ Command loaded: panel
[2026-02-09T13:23:57.112Z] [INFO] ✅ Command loaded: raid
[2026-02-09T13:23:57.113Z] [INFO] ✅ Command loaded: say
[2026-02-09T13:23:57.114Z] [INFO] ✅ Command loaded: spam
[2026-02-09T13:23:57.115Z] [INFO] ✅ Command loaded: test
[2026-02-09T13:23:57.115Z] [INFO] 📡 Event loaded: messageCreate
[2026-02-09T13:23:57.117Z] [INFO] 📡 Event loaded: channelDelete
[2026-02-09T13:23:57.117Z] [INFO] 📡 Event loaded: guildMemberAdd
[2026-02-09T13:23:57.118Z] [INFO] 📡 Event loaded: guildMemberAdd
[2026-02-09T13:23:57.119Z] [INFO] 📡 Event loaded: interactionCreate
[2026-02-09T13:23:57.120Z] [INFO] 📡 Event loaded: messageCreate
[2026-02-09T13:23:57.120Z] [INFO] 📡 Event loaded: clientReady
[2026-02-09T13:23:57.120Z] [INFO] 🔄 Starting slash command registration...
[2026-02-09T13:23:57.512Z] [SUCCESS] ✅ Slash commands registered successfully!
[2026-02-09T13:23:58.148Z] [SUCCESS] ✅ Bot online como Orion#8305!
[2026-02-09T13:23:58.148Z] [INFO] 📊 Conectado em 3 servidor(es)
[2026-02-09T13:23:58.149Z] [SUCCESS] 🎮 Status configurado com sucesso
[2026-02-09T13:23:58.149Z] [SUCCESS] 🚀 Bot pronto para uso!
[2026-02-09T14:30:31.376Z] [INFO] ✅ Command loaded: blame
[2026-02-09T14:30:31.527Z] [INFO] ✅ Command loaded: gping
[2026-02-09T14:30:31.527Z] [INFO] ✅ Command loaded: invite
[2026-02-09T14:30:31.529Z] [INFO] ✅ Command loaded: panel
[2026-02-09T14:30:31.534Z] [INFO] ✅ Command loaded: raid
[2026-02-09T14:30:31.536Z] [INFO] ✅ Command loaded: say
[2026-02-09T14:30:31.537Z] [INFO] ✅ Command loaded: spam
[2026-02-09T14:30:31.538Z] [INFO] ✅ Command loaded: test
[2026-02-09T14:30:31.539Z] [INFO] 📡 Event loaded: messageCreate
[2026-02-09T14:30:31.541Z] [INFO] 📡 Event loaded: channelDelete
[2026-02-09T14:30:31.543Z] [INFO] 📡 Event loaded: guildMemberAdd
[2026-02-09T14:30:31.544Z] [INFO] 📡 Event loaded: guildMemberAdd
[2026-02-09T14:30:31.546Z] [INFO] 📡 Event loaded: interactionCreate
[2026-02-09T14:30:31.549Z] [INFO] 📡 Event loaded: messageCreate
[2026-02-09T14:30:31.550Z] [INFO] 📡 Event loaded: clientReady
[2026-02-09T14:30:31.550Z] [INFO] 🔄 Starting slash command registration...
[2026-02-09T14:30:31.890Z] [SUCCESS] ✅ Slash commands registered successfully!
[2026-02-09T14:30:32.531Z] [SUCCESS] ✅ Bot online como Orion#8305!
[2026-02-09T14:30:32.531Z] [INFO] 📊 Conectado em 3 servidor(es)
[2026-02-09T14:30:32.532Z] [SUCCESS] 🎮 Status configurado com sucesso
[2026-02-09T14:30:32.532Z] [SUCCESS] 🚀 Bot pronto para uso!
[2026-02-09T14:33:08.896Z] [INFO] ✅ Command loaded: blame
[2026-02-09T14:33:08.899Z] [INFO] ✅ Command loaded: gping
[2026-02-09T14:33:08.900Z] [INFO] ✅ Command loaded: invite
[2026-02-09T14:33:08.901Z] [INFO] ✅ Command loaded: panel
[2026-02-09T14:33:08.902Z] [INFO] ✅ Command loaded: raid
[2026-02-09T14:33:08.903Z] [INFO] ✅ Command loaded: say
[2026-02-09T14:33:08.905Z] [INFO] ✅ Command loaded: spam
[2026-02-09T14:33:08.905Z] [INFO] ✅ Command loaded: test
[2026-02-09T14:33:08.906Z] [INFO] 📡 Event loaded: messageCreate
[2026-02-09T14:33:08.907Z] [INFO] 📡 Event loaded: channelDelete
[2026-02-09T14:33:08.908Z] [INFO] 📡 Event loaded: guildMemberAdd
[2026-02-09T14:33:08.908Z] [INFO] 📡 Event loaded: guildMemberAdd
[2026-02-09T14:33:08.909Z] [INFO] 📡 Event loaded: interactionCreate
[2026-02-09T14:33:08.910Z] [INFO] 📡 Event loaded: messageCreate
[2026-02-09T14:33:08.911Z] [INFO] 📡 Event loaded: clientReady
[2026-02-09T14:33:08.911Z] [INFO] 🔄 Starting slash command registration...
[2026-02-09T14:33:09.326Z] [SUCCESS] ✅ Slash commands registered successfully!
[2026-02-09T14:33:09.872Z] [SUCCESS] ✅ Bot online como Orion#8305!
[2026-02-09T14:33:09.872Z] [INFO] 📊 Conectado em 2 servidor(es)
[2026-02-09T14:33:09.873Z] [SUCCESS] 🎮 Status configurado com sucesso
[2026-02-09T14:33:09.873Z] [SUCCESS] 🚀 Bot pronto para uso!
