[2026-01-29T00:31:03.201Z] [INFO] ✅ Comando carregado: blame
[2026-01-29T00:31:03.205Z] [INFO] ✅ Comando carregado: gping
[2026-01-29T00:31:03.208Z] [INFO] ✅ Comando carregado: invite
[2026-01-29T00:31:03.298Z] [INFO] ✅ Comando carregado: panel
[2026-01-29T00:31:03.302Z] [INFO] ✅ Comando carregado: raid
[2026-01-29T00:31:03.305Z] [INFO] ✅ Comando carregado: say
[2026-01-29T00:31:03.307Z] [INFO] ✅ Comando carregado: spam
[2026-01-29T00:31:03.308Z] [INFO] ✅ Comando carregado: test
[2026-01-29T00:31:03.309Z] [INFO] 📡 Evento carregado: messageCreate
[2026-01-29T00:31:03.312Z] [INFO] 📡 Evento carregado: channelDelete
[2026-01-29T00:31:03.313Z] [INFO] 📡 Evento carregado: guildMemberAdd
[2026-01-29T00:31:03.315Z] [INFO] 📡 Evento carregado: guildMemberAdd
[2026-01-29T00:31:04.865Z] [INFO] ✅ Comando carregado: blame
[2026-01-29T00:31:04.869Z] [INFO] ✅ Comando carregado: gping
[2026-01-29T00:31:04.870Z] [INFO] ✅ Comando carregado: invite
[2026-01-29T00:31:04.872Z] [INFO] ✅ Comando carregado: panel
[2026-01-29T00:31:04.874Z] [INFO] ✅ Comando carregado: raid
[2026-01-29T00:31:04.875Z] [INFO] ✅ Comando carregado: say
[2026-01-29T00:31:04.877Z] [INFO] ✅ Comando carregado: spam
[2026-01-29T00:31:04.878Z] [INFO] ✅ Comando carregado: test
[2026-01-29T00:31:04.879Z] [INFO] 📡 Evento carregado: messageCreate
[2026-01-29T00:31:04.882Z] [INFO] 📡 Evento carregado: channelDelete
[2026-01-29T00:31:04.883Z] [INFO] 📡 Evento carregado: guildMemberAdd
[2026-01-29T00:31:04.884Z] [INFO] 📡 Evento carregado: guildMemberAdd
[2026-01-29T00:32:34.451Z] [INFO] ✅ Comando carregado: blame
[2026-01-29T00:32:34.455Z] [INFO] ✅ Comando carregado: gping
[2026-01-29T00:32:34.457Z] [INFO] ✅ Comando carregado: invite
[2026-01-29T00:32:34.461Z] [INFO] ✅ Comando carregado: panel
[2026-01-29T00:32:34.466Z] [INFO] ✅ Comando carregado: raid
[2026-01-29T00:32:34.468Z] [INFO] ✅ Comando carregado: say
[2026-01-29T00:32:34.470Z] [INFO] ✅ Comando carregado: spam
[2026-01-29T00:32:34.472Z] [INFO] ✅ Comando carregado: test
[2026-01-29T00:32:34.473Z] [INFO] 📡 Evento carregado: messageCreate
[2026-01-29T00:32:34.475Z] [INFO] 📡 Evento carregado: channelDelete
[2026-01-29T00:32:34.478Z] [INFO] 📡 Evento carregado: guildMemberAdd
[2026-01-29T00:32:34.479Z] [INFO] 📡 Evento carregado: guildMemberAdd
[2026-01-29T00:33:05.630Z] [INFO] ✅ Comando carregado: blame
[2026-01-29T00:33:05.636Z] [INFO] ✅ Comando carregado: gping
[2026-01-29T00:33:05.639Z] [INFO] ✅ Comando carregado: invite
[2026-01-29T00:33:05.644Z] [INFO] ✅ Comando carregado: panel
[2026-01-29T00:33:05.649Z] [INFO] ✅ Comando carregado: raid
[2026-01-29T00:33:05.652Z] [INFO] ✅ Comando carregado: say
[2026-01-29T00:33:05.656Z] [INFO] ✅ Comando carregado: spam
[2026-01-29T00:33:05.658Z] [INFO] ✅ Comando carregado: test
[2026-01-29T00:33:05.659Z] [INFO] 📡 Evento carregado: messageCreate
[2026-01-29T00:33:05.663Z] [INFO] 📡 Evento carregado: channelDelete
[2026-01-29T00:33:05.666Z] [INFO] 📡 Evento carregado: guildMemberAdd
[2026-01-29T00:33:05.668Z] [INFO] 📡 Evento carregado: guildMemberAdd
[2026-01-29T00:33:05.670Z] [INFO] 📡 Evento carregado: interactionCreate
[2026-01-29T00:33:05.672Z] [INFO] 📡 Evento carregado: messageCreate
[2026-01-29T00:33:05.673Z] [INFO] 📡 Evento carregado: clientReady
[2026-01-29T00:33:05.673Z] [INFO] 🔄 Iniciando registro de comandos slash...
[2026-01-29T00:33:06.082Z] [SUCCESS] ✅ Comandos slash registrados com sucesso!
[2026-01-29T00:33:06.441Z] [SUCCESS] ✅ Bot online como Orion#8305!
[2026-01-29T00:33:06.442Z] [INFO] 📊 Conectado em 0 servidor(es)
[2026-01-29T00:33:06.444Z] [SUCCESS] 🎮 Status configurado com sucesso
[2026-01-29T00:33:06.445Z] [SUCCESS] 🚀 Bot pronto para uso!
[2026-01-29T00:37:02.318Z] [INFO] ✅ Comando carregado: blame
[2026-01-29T00:37:02.322Z] [INFO] ✅ Comando carregado: gping
[2026-01-29T00:37:02.325Z] [INFO] ✅ Comando carregado: invite
[2026-01-29T00:37:02.329Z] [INFO] ✅ Comando carregado: panel
[2026-01-29T00:37:02.333Z] [INFO] ✅ Comando carregado: raid
[2026-01-29T00:37:02.334Z] [INFO] ✅ Comando carregado: say
[2026-01-29T00:37:02.338Z] [INFO] ✅ Comando carregado: spam
[2026-01-29T00:37:02.339Z] [INFO] ✅ Comando carregado: test
[2026-01-29T00:37:02.341Z] [INFO] 📡 Evento carregado: messageCreate
[2026-01-29T00:37:02.344Z] [INFO] 📡 Evento carregado: channelDelete
[2026-01-29T00:37:02.346Z] [INFO] 📡 Evento carregado: guildMemberAdd
[2026-01-29T00:37:02.348Z] [INFO] 📡 Evento carregado: guildMemberAdd
[2026-01-29T00:37:02.349Z] [INFO] 📡 Evento carregado: interactionCreate
[2026-01-29T00:37:02.352Z] [INFO] 📡 Evento carregado: messageCreate
[2026-01-29T00:37:02.354Z] [INFO] 📡 Evento carregado: clientReady
[2026-01-29T00:37:02.354Z] [INFO] 🔄 Iniciando registro de comandos slash...
[2026-01-29T00:37:02.791Z] [SUCCESS] ✅ Comandos slash registrados com sucesso!
[2026-01-29T00:37:03.218Z] [SUCCESS] ✅ Bot online como Orion#8305!
[2026-01-29T00:37:03.219Z] [INFO] 📊 Conectado em 0 servidor(es)
[2026-01-29T00:37:03.220Z] [SUCCESS] 🎮 Status configurado com sucesso
[2026-01-29T00:37:03.221Z] [SUCCESS] 🚀 Bot pronto para uso!
[2026-01-29T00:37:18.765Z] [INFO] ✅ Comando carregado: blame
[2026-01-29T00:37:18.769Z] [INFO] ✅ Comando carregado: gping
[2026-01-29T00:37:18.770Z] [INFO] ✅ Comando carregado: invite
[2026-01-29T00:37:18.772Z] [INFO] ✅ Comando carregado: panel
[2026-01-29T00:37:18.774Z] [INFO] ✅ Comando carregado: raid
[2026-01-29T00:37:18.775Z] [INFO] ✅ Comando carregado: say
[2026-01-29T00:37:18.776Z] [INFO] ✅ Comando carregado: spam
[2026-01-29T00:37:18.777Z] [INFO] ✅ Comando carregado: test
[2026-01-29T00:37:18.778Z] [INFO] 📡 Evento carregado: messageCreate
[2026-01-29T00:37:18.779Z] [INFO] 📡 Evento carregado: channelDelete
[2026-01-29T00:37:18.780Z] [INFO] 📡 Evento carregado: guildMemberAdd
[2026-01-29T00:37:18.780Z] [INFO] 📡 Evento carregado: guildMemberAdd
[2026-01-29T00:37:18.781Z] [INFO] 📡 Evento carregado: interactionCreate
[2026-01-29T00:37:18.782Z] [INFO] 📡 Evento carregado: messageCreate
[2026-01-29T00:37:18.783Z] [INFO] 📡 Evento carregado: clientReady
[2026-01-29T00:37:18.783Z] [INFO] 🔄 Iniciando registro de comandos slash...
[2026-01-29T00:37:19.054Z] [SUCCESS] ✅ Comandos slash registrados com sucesso!
[2026-01-29T00:37:19.392Z] [SUCCESS] ✅ Bot online como Orion#8305!
[2026-01-29T00:37:19.392Z] [INFO] 📊 Conectado em 0 servidor(es)
[2026-01-29T00:37:19.392Z] [SUCCESS] 🎮 Status configurado com sucesso
[2026-01-29T00:37:19.392Z] [SUCCESS] 🚀 Bot pronto para uso!
[2026-01-29T00:41:15.990Z] [ERROR] ❌ Uncaught exception: DiscordAPIError[40060]: Interaction has already been acknowledged.
[2026-01-29T00:42:12.440Z] [ERROR] ❌ Uncaught exception: TypeError: getWhitelist is not a function
[2026-01-29T00:46:46.268Z] [INFO] ✅ Comando carregado: blame
[2026-01-29T00:46:46.271Z] [INFO] ✅ Comando carregado: gping
[2026-01-29T00:46:46.273Z] [INFO] ✅ Comando carregado: invite
[2026-01-29T00:46:46.275Z] [INFO] ✅ Comando carregado: panel
[2026-01-29T00:46:46.277Z] [INFO] ✅ Comando carregado: raid
[2026-01-29T00:46:46.278Z] [INFO] ✅ Comando carregado: say
[2026-01-29T00:46:46.279Z] [INFO] ✅ Comando carregado: spam
[2026-01-29T00:46:46.280Z] [INFO] ✅ Comando carregado: test
[2026-01-29T00:46:46.282Z] [INFO] 📡 Evento carregado: messageCreate
[2026-01-29T00:46:46.283Z] [INFO] 📡 Evento carregado: channelDelete
[2026-01-29T00:46:46.284Z] [INFO] 📡 Evento carregado: guildMemberAdd
[2026-01-29T00:46:46.285Z] [INFO] 📡 Evento carregado: guildMemberAdd
[2026-01-29T00:46:46.286Z] [INFO] 📡 Evento carregado: interactionCreate
[2026-01-29T00:46:46.287Z] [INFO] 📡 Evento carregado: messageCreate
[2026-01-29T00:46:46.287Z] [INFO] 📡 Evento carregado: clientReady
[2026-01-29T00:46:46.288Z] [INFO] 🔄 Iniciando registro de comandos slash...
[2026-01-29T00:46:46.545Z] [SUCCESS] ✅ Comandos slash registrados com sucesso!
[2026-01-29T00:46:46.962Z] [SUCCESS] ✅ Bot online como Orion#8305!
[2026-01-29T00:46:46.963Z] [INFO] 📊 Conectado em 0 servidor(es)
[2026-01-29T00:46:46.964Z] [SUCCESS] 🎮 Status configurado com sucesso
[2026-01-29T00:46:46.964Z] [SUCCESS] 🚀 Bot pronto para uso!
[2026-01-29T00:47:05.892Z] [INFO] ✅ Comando carregado: blame
[2026-01-29T00:47:05.895Z] [INFO] ✅ Comando carregado: gping
[2026-01-29T00:47:05.896Z] [INFO] ✅ Comando carregado: invite
[2026-01-29T00:47:05.899Z] [INFO] ✅ Comando carregado: panel
[2026-01-29T00:47:05.900Z] [INFO] ✅ Comando carregado: raid
[2026-01-29T00:47:05.902Z] [INFO] ✅ Comando carregado: say
[2026-01-29T00:47:05.904Z] [INFO] ✅ Comando carregado: spam
[2026-01-29T00:47:05.905Z] [INFO] ✅ Comando carregado: test
[2026-01-29T00:47:05.906Z] [INFO] 📡 Evento carregado: messageCreate
[2026-01-29T00:47:05.908Z] [INFO] 📡 Evento carregado: channelDelete
[2026-01-29T00:47:05.909Z] [INFO] 📡 Evento carregado: guildMemberAdd
[2026-01-29T00:47:05.910Z] [INFO] 📡 Evento carregado: guildMemberAdd
[2026-01-29T00:47:05.911Z] [INFO] 📡 Evento carregado: interactionCreate
[2026-01-29T00:47:05.912Z] [INFO] 📡 Evento carregado: messageCreate
[2026-01-29T00:47:05.912Z] [INFO] 📡 Evento carregado: clientReady
[2026-01-29T00:47:05.913Z] [INFO] 🔄 Iniciando registro de comandos slash...
[2026-01-29T00:47:06.201Z] [SUCCESS] ✅ Comandos slash registrados com sucesso!
[2026-01-29T00:47:06.559Z] [SUCCESS] ✅ Bot online como Orion#8305!
[2026-01-29T00:47:06.559Z] [INFO] 📊 Conectado em 0 servidor(es)
[2026-01-29T00:47:06.560Z] [SUCCESS] 🎮 Status configurado com sucesso
[2026-01-29T00:47:06.560Z] [SUCCESS] 🚀 Bot pronto para uso!
[2026-01-29T02:20:44.725Z] [INFO] ✅ Comando carregado: blame
[2026-01-29T02:20:44.730Z] [INFO] ✅ Comando carregado: gping
[2026-01-29T02:20:44.733Z] [INFO] ✅ Comando carregado: invite
[2026-01-29T02:20:44.735Z] [INFO] ✅ Comando carregado: panel
[2026-01-29T02:20:44.738Z] [INFO] ✅ Comando carregado: raid
[2026-01-29T02:20:44.740Z] [INFO] ✅ Comando carregado: say
[2026-01-29T02:20:44.741Z] [INFO] ✅ Comando carregado: spam
[2026-01-29T02:20:44.742Z] [INFO] ✅ Comando carregado: test
[2026-01-29T02:20:44.743Z] [INFO] 📡 Evento carregado: messageCreate
[2026-01-29T02:20:44.745Z] [INFO] 📡 Evento carregado: channelDelete
[2026-01-29T02:20:44.746Z] [INFO] 📡 Evento carregado: guildMemberAdd
[2026-01-29T02:20:44.747Z] [INFO] 📡 Evento carregado: guildMemberAdd
[2026-01-29T02:20:44.749Z] [INFO] 📡 Evento carregado: interactionCreate
[2026-01-29T02:20:44.751Z] [INFO] 📡 Evento carregado: messageCreate
[2026-01-29T02:20:44.752Z] [INFO] 📡 Evento carregado: clientReady
[2026-01-29T02:20:44.752Z] [INFO] 🔄 Iniciando registro de comandos slash...
[2026-01-29T02:20:45.089Z] [SUCCESS] ✅ Comandos slash registrados com sucesso!
[2026-01-29T02:20:45.567Z] [SUCCESS] ✅ Bot online como Orion#8305!
[2026-01-29T02:20:45.569Z] [INFO] 📊 Conectado em 0 servidor(es)
[2026-01-29T02:20:45.571Z] [SUCCESS] 🎮 Status configurado com sucesso
[2026-01-29T02:20:45.571Z] [SUCCESS] 🚀 Bot pronto para uso!
[2026-01-29T02:20:47.194Z] [INFO] ✅ Comando carregado: blame
[2026-01-29T02:20:47.197Z] [INFO] ✅ Comando carregado: gping
[2026-01-29T02:20:47.199Z] [INFO] ✅ Comando carregado: invite
[2026-01-29T02:20:47.202Z] [INFO] ✅ Comando carregado: panel
[2026-01-29T02:20:47.204Z] [INFO] ✅ Comando carregado: raid
[2026-01-29T02:20:47.205Z] [INFO] ✅ Comando carregado: say
[2026-01-29T02:20:47.206Z] [INFO] ✅ Comando carregado: spam
[2026-01-29T02:20:47.207Z] [INFO] ✅ Comando carregado: test
[2026-01-29T02:20:47.208Z] [INFO] 📡 Evento carregado: messageCreate
[2026-01-29T02:20:47.209Z] [INFO] 📡 Evento carregado: channelDelete
[2026-01-29T02:20:47.210Z] [INFO] 📡 Evento carregado: guildMemberAdd
[2026-01-29T02:20:47.211Z] [INFO] 📡 Evento carregado: guildMemberAdd
[2026-01-29T02:20:47.212Z] [INFO] 📡 Evento carregado: interactionCreate
[2026-01-29T02:20:47.212Z] [INFO] 📡 Evento carregado: messageCreate
[2026-01-29T02:20:47.213Z] [INFO] 📡 Evento carregado: clientReady
[2026-01-29T02:20:47.213Z] [INFO] 🔄 Iniciando registro de comandos slash...
[2026-01-29T02:20:47.547Z] [SUCCESS] ✅ Comandos slash registrados com sucesso!
[2026-01-29T02:20:47.986Z] [SUCCESS] ✅ Bot online como Orion#8305!
[2026-01-29T02:20:47.986Z] [INFO] 📊 Conectado em 0 servidor(es)
[2026-01-29T02:20:47.986Z] [SUCCESS] 🎮 Status configurado com sucesso
[2026-01-29T02:20:47.986Z] [SUCCESS] 🚀 Bot pronto para uso!
[2026-01-29T02:21:53.711Z] [ERROR] ❌ Uncaught exception: DiscordAPIError[10062]: Unknown interaction
