[2026-02-16T00:07:13.808Z] [INFO] ✅ Command loaded: blame
[2026-02-16T00:07:13.921Z] [INFO] ✅ Command loaded: gping
[2026-02-16T00:07:13.923Z] [INFO] ✅ Command loaded: invite
[2026-02-16T00:07:13.925Z] [INFO] ✅ Command loaded: panel
[2026-02-16T00:07:13.926Z] [INFO] ✅ Command loaded: raid
[2026-02-16T00:07:13.928Z] [INFO] ✅ Command loaded: say
[2026-02-16T00:07:13.930Z] [INFO] ✅ Command loaded: spam
[2026-02-16T00:07:13.931Z] [INFO] ✅ Command loaded: test
[2026-02-16T00:07:13.934Z] [INFO] 📡 Event loaded: messageCreate
[2026-02-16T00:07:13.937Z] [INFO] 📡 Event loaded: channelDelete
[2026-02-16T00:07:13.938Z] [INFO] 📡 Event loaded: guildMemberAdd
[2026-02-16T00:07:13.941Z] [INFO] 📡 Event loaded: guildMemberAdd
[2026-02-16T00:07:13.943Z] [INFO] 📡 Event loaded: interactionCreate
[2026-02-16T00:07:13.945Z] [INFO] 📡 Event loaded: messageCreate
[2026-02-16T00:07:13.946Z] [INFO] 📡 Event loaded: clientReady
[2026-02-16T00:07:13.946Z] [INFO] 🔄 Starting slash command registration...
[2026-02-16T00:07:14.218Z] [SUCCESS] ✅ Slash commands registered successfully!
[2026-02-16T00:07:14.863Z] [SUCCESS] ✅ Bot online as Orion#8305!
[2026-02-16T00:07:14.863Z] [INFO] 📊 Connected to 4 server(s)
[2026-02-16T00:07:14.863Z] [SUCCESS] 🎮 Status configured successfully
[2026-02-16T00:07:14.864Z] [SUCCESS] 🚀 Bot ready for use!
[2026-02-16T00:13:56.461Z] [INFO] ✅ Command loaded: blame
[2026-02-16T00:13:56.464Z] [INFO] ✅ Command loaded: gping
[2026-02-16T00:13:56.465Z] [INFO] ✅ Command loaded: invite
[2026-02-16T00:13:56.467Z] [INFO] ✅ Command loaded: panel
[2026-02-16T00:13:56.468Z] [INFO] ✅ Command loaded: raid
[2026-02-16T00:13:56.469Z] [INFO] ✅ Command loaded: say
[2026-02-16T00:13:56.470Z] [INFO] ✅ Command loaded: spam
[2026-02-16T00:13:56.471Z] [INFO] ✅ Command loaded: test
[2026-02-16T00:13:56.472Z] [INFO] 📡 Event loaded: messageCreate
[2026-02-16T00:13:56.473Z] [INFO] 📡 Event loaded: channelDelete
[2026-02-16T00:13:56.474Z] [INFO] 📡 Event loaded: guildMemberAdd
[2026-02-16T00:13:56.475Z] [INFO] 📡 Event loaded: guildMemberAdd
[2026-02-16T00:13:56.476Z] [INFO] 📡 Event loaded: interactionCreate
[2026-02-16T00:13:56.477Z] [INFO] 📡 Event loaded: messageCreate
[2026-02-16T00:13:56.477Z] [INFO] 📡 Event loaded: clientReady
[2026-02-16T00:13:56.478Z] [INFO] 🔄 Starting slash command registration...
[2026-02-16T00:13:56.764Z] [SUCCESS] ✅ Slash commands registered successfully!
[2026-02-16T00:13:57.417Z] [SUCCESS] ✅ Bot online as Orion#8305!
[2026-02-16T00:13:57.417Z] [INFO] 📊 Connected to 4 server(s)
[2026-02-16T00:13:57.418Z] [SUCCESS] 🎮 Status configured successfully
[2026-02-16T00:13:57.418Z] [SUCCESS] 🚀 Bot ready for use!
[2026-02-16T00:20:04.282Z] [INFO] ✅ Command loaded: blame
[2026-02-16T00:20:04.285Z] [INFO] ✅ Command loaded: gping
[2026-02-16T00:20:04.286Z] [INFO] ✅ Command loaded: invite
[2026-02-16T00:20:04.287Z] [INFO] ✅ Command loaded: panel
[2026-02-16T00:20:04.288Z] [INFO] ✅ Command loaded: raid
[2026-02-16T00:20:04.289Z] [INFO] ✅ Command loaded: say
[2026-02-16T00:20:04.291Z] [INFO] ✅ Command loaded: spam
[2026-02-16T00:20:04.292Z] [INFO] ✅ Command loaded: test
[2026-02-16T00:20:04.293Z] [INFO] 📡 Event loaded: messageCreate
[2026-02-16T00:20:04.295Z] [INFO] 📡 Event loaded: channelDelete
[2026-02-16T00:20:04.296Z] [INFO] 📡 Event loaded: guildMemberAdd
[2026-02-16T00:20:04.296Z] [INFO] 📡 Event loaded: guildMemberAdd
[2026-02-16T00:20:04.298Z] [INFO] 📡 Event loaded: interactionCreate
[2026-02-16T00:20:04.299Z] [INFO] 📡 Event loaded: messageCreate
[2026-02-16T00:20:04.300Z] [INFO] 📡 Event loaded: clientReady
[2026-02-16T00:20:04.300Z] [INFO] 🔄 Starting slash command registration...
[2026-02-16T00:20:04.737Z] [SUCCESS] ✅ Slash commands registered successfully!
[2026-02-16T00:20:05.430Z] [SUCCESS] ✅ Bot online as Orion#8305!
[2026-02-16T00:20:05.431Z] [INFO] 📊 Connected to 4 server(s)
[2026-02-16T00:20:05.431Z] [SUCCESS] 🎮 Status configured successfully
[2026-02-16T00:20:05.432Z] [SUCCESS] 🚀 Bot ready for use!
[2026-02-16T00:25:01.127Z] [INFO] ✅ Command loaded: blame
[2026-02-16T00:25:01.129Z] [INFO] ✅ Command loaded: gping
[2026-02-16T00:25:01.130Z] [INFO] ✅ Command loaded: invite
[2026-02-16T00:25:01.131Z] [INFO] ✅ Command loaded: panel
[2026-02-16T00:25:01.132Z] [INFO] ✅ Command loaded: raid
[2026-02-16T00:25:01.133Z] [INFO] ✅ Command loaded: say
[2026-02-16T00:25:01.134Z] [INFO] ✅ Command loaded: spam
[2026-02-16T00:25:01.135Z] [INFO] ✅ Command loaded: test
[2026-02-16T00:25:01.136Z] [INFO] 📡 Event loaded: messageCreate
[2026-02-16T00:25:01.137Z] [INFO] 📡 Event loaded: channelDelete
[2026-02-16T00:25:01.138Z] [INFO] 📡 Event loaded: guildMemberAdd
[2026-02-16T00:25:01.138Z] [INFO] 📡 Event loaded: guildMemberAdd
[2026-02-16T00:25:01.139Z] [INFO] 📡 Event loaded: interactionCreate
[2026-02-16T00:25:01.140Z] [INFO] 📡 Event loaded: messageCreate
[2026-02-16T00:25:01.141Z] [INFO] 📡 Event loaded: clientReady
[2026-02-16T00:25:01.141Z] [INFO] 🔄 Starting slash command registration...
[2026-02-16T00:25:01.393Z] [SUCCESS] ✅ Slash commands registered successfully!
[2026-02-16T00:25:02.180Z] [SUCCESS] ✅ Bot online as Orion#8305!
[2026-02-16T00:25:02.181Z] [INFO] 📊 Connected to 4 server(s)
[2026-02-16T00:25:02.182Z] [SUCCESS] 🎮 Status configured successfully
[2026-02-16T00:25:02.182Z] [SUCCESS] 🚀 Bot ready for use!
[2026-02-16T00:27:02.941Z] [INFO] ✅ Command loaded: blame
[2026-02-16T00:27:03.023Z] [INFO] ✅ Command loaded: gping
[2026-02-16T00:27:03.023Z] [INFO] ✅ Command loaded: invite
[2026-02-16T00:27:03.025Z] [INFO] ✅ Command loaded: panel
[2026-02-16T00:27:03.026Z] [INFO] ✅ Command loaded: raid
[2026-02-16T00:27:03.027Z] [INFO] ✅ Command loaded: say
[2026-02-16T00:27:03.029Z] [INFO] ✅ Command loaded: spam
[2026-02-16T00:27:03.030Z] [INFO] ✅ Command loaded: test
[2026-02-16T00:27:03.031Z] [INFO] 📡 Event loaded: messageCreate
[2026-02-16T00:27:03.033Z] [INFO] 📡 Event loaded: channelDelete
[2026-02-16T00:27:03.035Z] [INFO] 📡 Event loaded: guildMemberAdd
[2026-02-16T00:27:03.036Z] [INFO] 📡 Event loaded: guildMemberAdd
[2026-02-16T00:27:03.037Z] [INFO] 📡 Event loaded: interactionCreate
[2026-02-16T00:27:03.039Z] [INFO] 📡 Event loaded: messageCreate
[2026-02-16T00:27:03.040Z] [INFO] 📡 Event loaded: clientReady
[2026-02-16T00:28:26.856Z] [INFO] ✅ Command loaded: blame
[2026-02-16T00:28:26.859Z] [INFO] ✅ Command loaded: gping
[2026-02-16T00:28:26.860Z] [INFO] ✅ Command loaded: invite
[2026-02-16T00:28:26.861Z] [INFO] ✅ Command loaded: panel
[2026-02-16T00:28:26.862Z] [INFO] ✅ Command loaded: raid
[2026-02-16T00:28:26.864Z] [INFO] ✅ Command loaded: say
[2026-02-16T00:28:26.867Z] [INFO] ✅ Command loaded: spam
[2026-02-16T00:28:26.868Z] [INFO] ✅ Command loaded: test
[2026-02-16T00:28:26.869Z] [INFO] 📡 Event loaded: messageCreate
[2026-02-16T00:28:26.871Z] [INFO] 📡 Event loaded: channelDelete
[2026-02-16T00:28:26.872Z] [INFO] 📡 Event loaded: guildMemberAdd
[2026-02-16T00:28:26.873Z] [INFO] 📡 Event loaded: guildMemberAdd
[2026-02-16T00:28:26.874Z] [INFO] 📡 Event loaded: interactionCreate
[2026-02-16T00:28:26.875Z] [INFO] 📡 Event loaded: messageCreate
[2026-02-16T00:28:26.876Z] [INFO] 📡 Event loaded: clientReady
[2026-02-16T00:28:26.876Z] [INFO] 🔄 Starting slash command registration...
[2026-02-16T00:28:27.234Z] [SUCCESS] ✅ Slash commands registered successfully!
[2026-02-16T00:28:27.713Z] [SUCCESS] ✅ Bot online as Orion#8305!
[2026-02-16T00:28:27.713Z] [INFO] 📊 Connected to 4 server(s)
[2026-02-16T00:28:27.714Z] [SUCCESS] 🎮 Status configured successfully
[2026-02-16T00:28:27.714Z] [SUCCESS] 🚀 Bot ready for use!
[2026-02-16T00:30:18.853Z] [INFO] ✅ Command loaded: blame
[2026-02-16T00:30:18.855Z] [INFO] ✅ Command loaded: gping
[2026-02-16T00:30:18.856Z] [INFO] ✅ Command loaded: invite
[2026-02-16T00:30:18.857Z] [INFO] ✅ Command loaded: panel
[2026-02-16T00:30:18.858Z] [INFO] ✅ Command loaded: raid
[2026-02-16T00:30:18.859Z] [INFO] ✅ Command loaded: say
[2026-02-16T00:30:18.860Z] [INFO] ✅ Command loaded: spam
[2026-02-16T00:30:18.861Z] [INFO] ✅ Command loaded: test
[2026-02-16T00:30:18.862Z] [INFO] 📡 Event loaded: messageCreate
[2026-02-16T00:30:18.864Z] [INFO] 📡 Event loaded: channelDelete
[2026-02-16T00:30:18.865Z] [INFO] 📡 Event loaded: guildMemberAdd
[2026-02-16T00:30:18.865Z] [INFO] 📡 Event loaded: guildMemberAdd
[2026-02-16T00:30:18.866Z] [INFO] 📡 Event loaded: interactionCreate
[2026-02-16T00:30:18.868Z] [INFO] 📡 Event loaded: messageCreate
[2026-02-16T00:30:18.868Z] [INFO] 📡 Event loaded: clientReady
[2026-02-16T00:30:18.868Z] [INFO] 🔄 Starting slash command registration...
[2026-02-16T00:30:19.073Z] [SUCCESS] ✅ Slash commands registered successfully!
[2026-02-16T00:30:19.717Z] [SUCCESS] ✅ Bot online as Orion#8305!
[2026-02-16T00:30:19.717Z] [INFO] 📊 Connected to 4 server(s)
[2026-02-16T00:30:19.717Z] [SUCCESS] 🎮 Status configured successfully
[2026-02-16T00:30:19.717Z] [SUCCESS] 🚀 Bot ready for use!
[2026-02-16T00:33:47.039Z] [INFO] ✅ Command loaded: blame
[2026-02-16T00:33:47.043Z] [INFO] ✅ Command loaded: gping
[2026-02-16T00:33:47.044Z] [INFO] ✅ Command loaded: invite
[2026-02-16T00:33:47.045Z] [INFO] ✅ Command loaded: panel
[2026-02-16T00:33:47.046Z] [INFO] ✅ Command loaded: raid
[2026-02-16T00:33:47.048Z] [INFO] ✅ Command loaded: say
[2026-02-16T00:33:47.049Z] [INFO] ✅ Command loaded: spam
[2026-02-16T00:33:47.050Z] [INFO] ✅ Command loaded: test
[2026-02-16T00:33:47.052Z] [INFO] 📡 Event loaded: messageCreate
[2026-02-16T00:33:47.053Z] [INFO] 📡 Event loaded: channelDelete
[2026-02-16T00:33:47.054Z] [INFO] 📡 Event loaded: guildMemberAdd
[2026-02-16T00:33:47.055Z] [INFO] 📡 Event loaded: guildMemberAdd
[2026-02-16T00:33:47.056Z] [INFO] 📡 Event loaded: interactionCreate
[2026-02-16T00:33:47.058Z] [INFO] 📡 Event loaded: messageCreate
[2026-02-16T00:33:47.058Z] [INFO] 📡 Event loaded: clientReady
[2026-02-16T00:33:47.058Z] [INFO] 🔄 Starting slash command registration...
[2026-02-16T00:33:47.540Z] [SUCCESS] ✅ Slash commands registered successfully!
[2026-02-16T00:33:47.975Z] [SUCCESS] ✅ Bot online as Orion#8305!
[2026-02-16T00:33:47.975Z] [INFO] 📊 Connected to 4 server(s)
[2026-02-16T00:33:47.975Z] [SUCCESS] 🎮 Status configured successfully
[2026-02-16T00:33:47.975Z] [SUCCESS] 🚀 Bot ready for use!
[2026-02-16T00:52:48.657Z] [INFO] ✅ Command loaded: blame
[2026-02-16T00:52:48.813Z] [INFO] ✅ Command loaded: gping
[2026-02-16T00:52:48.819Z] [INFO] ✅ Command loaded: invite
[2026-02-16T00:52:48.829Z] [INFO] ✅ Command loaded: panel
[2026-02-16T00:52:48.833Z] [INFO] ✅ Command loaded: raid
[2026-02-16T00:52:48.836Z] [INFO] ✅ Command loaded: say
[2026-02-16T00:52:48.839Z] [INFO] ✅ Command loaded: spam
[2026-02-16T00:52:48.840Z] [INFO] ✅ Command loaded: test
[2026-02-16T00:52:48.845Z] [INFO] 📡 Event loaded: messageCreate
[2026-02-16T00:52:48.851Z] [INFO] 📡 Event loaded: channelDelete
[2026-02-16T00:52:48.856Z] [INFO] 📡 Event loaded: guildMemberAdd
[2026-02-16T00:52:48.866Z] [INFO] 📡 Event loaded: guildMemberAdd
[2026-02-16T00:52:48.870Z] [INFO] 📡 Event loaded: interactionCreate
[2026-02-16T00:52:48.874Z] [INFO] 📡 Event loaded: messageCreate
[2026-02-16T00:52:48.874Z] [INFO] 📡 Event loaded: clientReady
[2026-02-16T00:52:48.875Z] [INFO] 🔄 Starting slash command registration...
[2026-02-16T00:52:49.112Z] [SUCCESS] ✅ Slash commands registered successfully!
[2026-02-16T00:52:49.554Z] [SUCCESS] ✅ Bot online as Orion#8305!
[2026-02-16T00:52:49.554Z] [INFO] 📊 Connected to 4 server(s)
[2026-02-16T00:52:49.554Z] [SUCCESS] 🎮 Status configured successfully
[2026-02-16T00:52:49.554Z] [SUCCESS] 🚀 Bot ready for use!
[2026-02-16T01:46:22.444Z] [INFO] ✅ Command loaded: blame
[2026-02-16T01:46:22.544Z] [INFO] ✅ Command loaded: gping
[2026-02-16T01:46:22.545Z] [INFO] ✅ Command loaded: invite
[2026-02-16T01:46:22.547Z] [INFO] ✅ Command loaded: panel
[2026-02-16T01:46:22.548Z] [INFO] ✅ Command loaded: raid
[2026-02-16T01:46:22.550Z] [INFO] ✅ Command loaded: say
[2026-02-16T01:46:22.552Z] [INFO] ✅ Command loaded: spam
[2026-02-16T01:46:22.552Z] [INFO] ✅ Command loaded: test
[2026-02-16T01:46:22.554Z] [INFO] 📡 Event loaded: messageCreate
[2026-02-16T01:46:22.556Z] [INFO] 📡 Event loaded: channelDelete
[2026-02-16T01:46:22.557Z] [INFO] 📡 Event loaded: guildMemberAdd
[2026-02-16T01:46:22.558Z] [INFO] 📡 Event loaded: guildMemberAdd
[2026-02-16T01:46:22.560Z] [INFO] 📡 Event loaded: interactionCreate
[2026-02-16T01:46:22.562Z] [INFO] 📡 Event loaded: messageCreate
[2026-02-16T01:46:22.563Z] [INFO] 📡 Event loaded: clientReady
[2026-02-16T01:46:22.563Z] [INFO] 🔄 Starting slash command registration...
[2026-02-16T01:46:22.778Z] [SUCCESS] ✅ Slash commands registered successfully!
[2026-02-16T01:46:23.209Z] [SUCCESS] ✅ Bot online as Orion#8305!
[2026-02-16T01:46:23.209Z] [INFO] 📊 Connected to 4 server(s)
[2026-02-16T01:46:23.210Z] [SUCCESS] 🎮 Status configured successfully
[2026-02-16T01:46:23.210Z] [SUCCESS] 🚀 Bot ready for use!
